TN:
SF:src\repository\cart.repository.ts
FN:3,createCart
FN:12,findCart
FN:16,updateCart
FN:20,deleteCart
FNF:4
FNH:1
FNDA:1,createCart
FNDA:0,findCart
FNDA:0,updateCart
FNDA:0,deleteCart
DA:1,1
DA:2,1
DA:3,1
DA:4,1
DA:5,1
DA:6,1
DA:7,1
DA:8,1
DA:9,1
DA:10,1
DA:11,1
DA:12,1
DA:13,0
DA:14,0
DA:15,1
DA:16,1
DA:17,0
DA:18,0
DA:19,1
DA:20,1
DA:21,0
DA:22,0
DA:23,1
DA:24,1
DA:25,1
DA:26,1
DA:27,1
DA:28,1
DA:29,1
LF:29
LH:23
BRDA:3,0,0,1
BRDA:3,1,0,1
BRF:2
BRH:2
end_of_record
TN:
SF:src\service\cart.service.ts
FN:3,CreateCart
FN:9,GetCart
FN:15,EditCart
FN:21,DeleteCart
FNF:4
FNH:1
FNDA:1,CreateCart
FNDA:0,GetCart
FNDA:0,EditCart
FNDA:0,DeleteCart
DA:1,1
DA:2,1
DA:3,1
DA:4,1
DA:5,1
DA:6,1
DA:7,1
DA:8,1
DA:9,1
DA:10,0
DA:11,0
DA:12,0
DA:13,0
DA:14,1
DA:15,1
DA:16,0
DA:17,0
DA:18,0
DA:19,0
DA:20,1
DA:21,1
DA:22,0
DA:23,0
DA:24,0
DA:25,0
LF:25
LH:13
BRDA:3,0,0,1
BRDA:3,1,0,1
BRF:2
BRH:2
end_of_record
